I've been watching you since the morning.

I like your smile when I'm teasing you. Shy boy.

Kisses.

Oh BTW this file is mod 777.
kisses nerdy LG

Horrible writer

I'm not inspired when I feel people behind me... Anyway, now,
whenever you get close to me I almost loose all my self-control !
your a little devil, and you know that I will punish you for this...


Doesnt matter. I just enjoy shyness in your eyes and blushes on your face. Cute and attractive and sexy

Happy to see you in the morning.
My wallpaper is Pointe de Trevignon, France. Very beautiful. Hope we can go there together one day.

Whenever I miss you I'll open this log. Five times today.

I dreamed about you last night again. I bring your to my family and friends. They like you.

L 8/1/2016
I didn't check this file for a long time ! The last 3 messages gave me a thrill, it's a pity
we don't have the date of the messages. You have a nice hairdress today and I like your 
t-shirt too: it reveals enough of your back to let me imagine many things...

Focus on your work and stop looking at my back ... Or I'll wear a hoodie to help you

I feel like being thirsty and watching a glass of wine evaporating, And you want me
to be focused in these conditions ?

Shouldnt wear a long pants so I cant teese with my legs and see the cutie blushing face.

You are so mean, you have no respect for my shyness ! Well, I like it.

I want to see you shying smile.Say Cheese !

What a boring day! I just want to take you in my arms and forget about everything. 

Now "Trinshi" is very close to you. I don't know why but this makes me angry.

Haha getting you angry is the most fun moment of the boring day. Love you stupid boy.

Talked too much tonight. Whatever the end of story is, I would like to be your penfriend for books. 
(`date`)

Tue Aug  2 01:22:27 EDT 2016
There you go little panda.
/export/a15/ws16londe/JHUWorkshop2016/AUD/tools/amdtk/recipes/timit/ploop_lmfcc_c1_T100_s3_g2_a3_b3/unigram_labels_training

I have the feeling that I spoiled this wonderful log file by just adding the line above. BTW, you are using 
MY chair... How dare you ?

I'm trying to leave some smell on you hoodie and chair, to declare they're mine. You're mine.

Interesting behavior: you mark your territory by your smell, exactly like the little pandas. So cute !

I want to touch your cute head.

And I want to take you in my arms and to have a nap with you.

I want to bite you on your waist.
On you nose.
On your ...

I suddenly feel verrrrrrrry hot.

It's been 61302 seconds since I kissed you last time.
Too looooooooooooooooooong.

To be so close to you and not being able to hug you. That's torture.

I can smell you. Torture for me too
I'm looking from your toe up to you legs, you cute butt, hairy chest, muscle arms, cute giant head, then stopping on your earring. 
Then I want to kiss them all.

I think your androgen is the reason for attracting so many cockroaches. They never show up since then.

I dont know why but my roomie looks like grim and violent... Everytime she doesnt speak I feel scared of her...

And you just missed a sexy pantie today, cute head.
Tue Aug  2 21:53:34 EDT 2016

Winner ! What prize do you want, cute head?

Nice puzzle ! I loved it.
What prize ? Well, your kisses all over my body in the laundry sounds like a nice reward...

Looks like someone was really working hard last night.
Gosh I can't focus util I see you.

Morning sweetie. Howwas your night with your scary roomie ?

Not bad. I just went back to my room.

And I missed you especially in the night

Hey little girl, I'm deadly bored and to know you so close makes me dream. Nice hairdress by the way.

:( Boring and exhausting, panda is unhappy. Need a hug, and bamboo.
Miss you so much. By the way probably I'll have a period by Thurs or Fri...
Boy you look so cute today. That excites me in a weird way.
And I just want to kiss you so much on your clean smooth face.

You say that you love rain, but you open your umbrella when it rains.

You say that you love the sun, but you find a shadow spot when the sun shines.

You say that you love the wind, but you close your windows when wind blows.

This is why I am afraid, you say that you love me too.

Cutest guitar player ever
I'm not sure if you're still going to write in this log. In case of I'll be waiting and disappointed, I'll probably chmod 644 after some while.
Sat Aug  6 16:58:27 EDT 2016
Babe I'll keep this log for you

Mon Aug  8 05:25:56 EDT 2016
I don't know how long I'll have the connection to the JHU... I miss you so much. Every instant 
I see something that reminds me you. 


Thu Aug 11 09:47:07 EDT 2016
I was trying to leave something under your B cluster directory but I can't...
Never mind, I've downloaded this log so it will be kept as our memory.
Love you day by day.

Sat Aug 20 16:17:43 EDT 2016
After this horrible loss of a07 I decide to push this to my git

Tue Aug 23 11:37:04 EDT 2016
Hey babe, did I ever told you that I love Pandas ? Especially little cute ones.

Tue Aug 30 21:01:30 EDT 2016
My favourite food is bamboo.
I miss you and still love you so strongly. Please don't give me up. 

Thu Sep  1 08:45:57 EDT 2016
Thunder and lightening were like exploding. It's cold and fall is coming.
